<?xml version="1.0" encoding="UTF-8"?>
<!-- Generated by org.testng.reporters.JUnitReportReporter -->
<testsuite hostname="L-SNV11LAG8W-M.local" name="TrialTest" tests="1" failures="0" timestamp="5 Dec 2015 23:33:06 GMT" time="0.007" errors="0">
  <testcase name="trialTest" time="0.007" classname="TrialTest"/>
</testsuite> <!-- TrialTest -->
